{
  "RSpec": {
    "coverage": {
      "/Users/annasmith/Desktop/Projects/chasing_shadows_api_server/spec/test_helper.rb": [
        1,
        null,
        null,
        null,
        4,
        null,
        null,
        null,
        null,
        null,
        null
      ],
      "/Users/annasmith/Desktop/Projects/chasing_shadows_api_server/app/models/enemy_location.rb": [
        1,
        1,
        1,
        null
      ],
      "/Users/annasmith/Desktop/Projects/chasing_shadows_api_server/app/models/application_record.rb": [
        1,
        1,
        null
      ],
      "/Users/annasmith/Desktop/Projects/chasing_shadows_api_server/spec/models/enemy_spec.rb": [
        1,
        null,
        1,
        1,
        null
      ],
      "/Users/annasmith/Desktop/Projects/chasing_shadows_api_server/app/models/enemy.rb": [
        1,
        1,
        null,
        null
      ],
      "/Users/annasmith/Desktop/Projects/chasing_shadows_api_server/spec/models/user_location_spec.rb": [
        1,
        null,
        1,
        1,
        null
      ],
      "/Users/annasmith/Desktop/Projects/chasing_shadows_api_server/app/models/user_location.rb": [
        1,
        1,
        1,
        null
      ],
      "/Users/annasmith/Desktop/Projects/chasing_shadows_api_server/spec/models/user_spec.rb": [
        1,
        null,
        1,
        null,
        1,
        2,
        2,
        2,
        2,
        2,
        2,
        null,
        null,
        1,
        2,
        2,
        2,
        null,
        null,
        null,
        null,
        null,
        null
      ],
      "/Users/annasmith/Desktop/Projects/chasing_shadows_api_server/app/models/user.rb": [
        1,
        null,
        1,
        1,
        1,
        null,
        null,
        1,
        7,
        null,
        null,
        1,
        7,
        7,
        7,
        null,
        null,
        null,
        null
      ],
      "/Users/annasmith/Desktop/Projects/chasing_shadows_api_server/spec/requests/users_spec.rb": [
        1,
        null,
        1,
        null,
        null,
        1,
        6,
        null,
        null,
        1,
        1,
        1,
        2,
        null,
        null,
        null,
        1,
        1,
        2,
        null,
        null,
        1,
        2,
        null,
        null,
        1,
        2,
        null,
        null,
        null,
        null,
        null,
        null,
        1,
        1,
        null,
        1,
        1,
        null,
        null,
        1,
        1,
        1,
        null,
        null,
        null
      ],
      "/Users/annasmith/Desktop/Projects/chasing_shadows_api_server/spec/routing/users_routing_spec.rb": [
        1,
        null,
        1,
        1,
        null,
        1,
        1,
        null,
        null,
        1,
        1,
        null,
        null,
        1,
        1,
        null,
        null,
        1,
        1,
        null,
        null,
        1,
        1,
        null,
        null,
        1,
        1,
        null,
        null,
        1,
        1,
        null,
        null,
        null,
        null
      ],
      "/Users/annasmith/Desktop/Projects/chasing_shadows_api_server/app/controllers/users_controller.rb": [
        1,
        null,
        1,
        null,
        null
      ],
      "/Users/annasmith/Desktop/Projects/chasing_shadows_api_server/app/controllers/api/v1/users_controller.rb": [
        1,
        1,
        null,
        1,
        null,
        null,
        1,
        1,
        null,
        null,
        null,
        1,
        0,
        null,
        null,
        null,
        1,
        4,
        null,
        4,
        1,
        null,
        3,
        null,
        null,
        null,
        null,
        null,
        null,
        null,
        null,
        null,
        null,
        null,
        null,
        null,
        null,
        null,
        null,
        null,
        1,
        null,
        1,
        0,
        null,
        null,
        null,
        1,
        4,
        null,
        null,
        null
      ],
      "/Users/annasmith/Desktop/Projects/chasing_shadows_api_server/app/controllers/api/v1/api_controller.rb": [
        1,
        1,
        1,
        null,
        1,
        null,
        1,
        null,
        1,
        2,
        null,
        null,
        1,
        2,
        1,
        null,
        null,
        null,
        1,
        1,
        1,
        null,
        null,
        null
      ],
      "/Users/annasmith/Desktop/Projects/chasing_shadows_api_server/app/controllers/application_controller.rb": [
        1,
        null,
        null
      ],
      "/Users/annasmith/Desktop/Projects/chasing_shadows_api_server/app/serializers/user_serializer.rb": [
        1,
        1,
        null
      ]
    },
    "timestamp": 1469802785
  }
}
